<?xml version="1.0" encoding="UTF-8"?>
<!-- Generated by org.testng.reporters.JUnitXMLReporter -->
<testsuite name="Customer" tests="19" failures="1" timestamp="2 Jun 2016 18:30:20 GMT" time="97.065" errors="0">
  <testcase name="addEmailAddressTest" time="0.221" classname="com.bigbasket.customer.PersonalDetailsTest">
    <skipped/>
  </testcase> <!-- addEmailAddressTest -->
  <testcase name="addEmailAddressTest" time="0.182" classname="com.bigbasket.customer.PersonalDetailsTest">
    <skipped/>
  </testcase> <!-- addEmailAddressTest -->
  <testcase name="addEmailAddressTest" time="0.141" classname="com.bigbasket.customer.PersonalDetailsTest">
    <skipped/>
  </testcase> <!-- addEmailAddressTest -->
  <testcase name="addEmailAddressTest" time="0.139" classname="com.bigbasket.customer.PersonalDetailsTest">
    <skipped/>
  </testcase> <!-- addEmailAddressTest -->
  <testcase name="addEmailAddressTest" time="0.127" classname="com.bigbasket.customer.PersonalDetailsTest">
    <skipped/>
  </testcase> <!-- addEmailAddressTest -->
  <testcase name="changePasswordTest" time="0.129" classname="com.bigbasket.customer.PersonalDetailsTest">
    <skipped/>
  </testcase> <!-- changePasswordTest -->
  <testcase name="changePasswordTest" time="0.133" classname="com.bigbasket.customer.PersonalDetailsTest">
    <skipped/>
  </testcase> <!-- changePasswordTest -->
  <testcase name="changePasswordTest" time="0.11" classname="com.bigbasket.customer.PersonalDetailsTest">
    <skipped/>
  </testcase> <!-- changePasswordTest -->
  <testcase name="changePasswordTest" time="0.11" classname="com.bigbasket.customer.PersonalDetailsTest">
    <skipped/>
  </testcase> <!-- changePasswordTest -->
  <testcase name="changePasswordTest" time="0.118" classname="com.bigbasket.customer.PersonalDetailsTest">
    <skipped/>
  </testcase> <!-- changePasswordTest -->
  <testcase name="changePasswordTest" time="0.086" classname="com.bigbasket.customer.PersonalDetailsTest">
    <skipped/>
  </testcase> <!-- changePasswordTest -->
  <testcase name="changePasswordTest" time="0.078" classname="com.bigbasket.customer.PersonalDetailsTest">
    <skipped/>
  </testcase> <!-- changePasswordTest -->
  <testcase name="signInTest" time="23.375" classname="com.bigbasket.customer.SignInTest"/>
  <testcase name="signInTest" time="11.008" classname="com.bigbasket.customer.SignInTest">
    <failure type="java.lang.AssertionError" message="FAIL - Incorrect credentials">
      <![CDATA[java.lang.AssertionError: FAIL - Incorrect credentials
	at com.bigbasket.framework.util.UtilFunctions.writeHTMLResult(UtilFunctions.java:49)
	at com.bigbasket.customer.SignInTest.signInTest(SignInTest.java:93)
	at java.util.concurrent.ThreadPoolExecutor.runWorker(ThreadPoolExecutor.java:1145)
	at java.util.concurrent.ThreadPoolExecutor$Worker.run(ThreadPoolExecutor.java:615)
	at java.lang.Thread.run(Thread.java:745)
... Removed 11 stack frames]]>
    </failure>
  </testcase> <!-- signInTest -->
  <testcase name="signInTest" time="7.831" classname="com.bigbasket.customer.SignInTest"/>
  <testcase name="signInTest" time="11.097" classname="com.bigbasket.customer.SignInTest"/>
  <testcase name="signInTest" time="6.657" classname="com.bigbasket.customer.SignInTest"/>
  <testcase name="signInTest" time="16.915" classname="com.bigbasket.customer.SignInTest"/>
  <testcase name="signInTest" time="19.291" classname="com.bigbasket.customer.SignInTest"/>
</testsuite> <!-- Customer -->
