<?xml version="1.0" encoding="UTF-8"?>
<testng-results skipped="0" failed="0" total="1" passed="1">
  <reporter-output>
  </reporter-output>
  <suite name="Default suite" duration-ms="37697" started-at="2016-07-06T18:26:00Z" finished-at="2016-07-06T18:26:38Z">
    <groups>
    </groups>
    <test name="Default test" duration-ms="37697" started-at="2016-07-06T18:26:00Z" finished-at="2016-07-06T18:26:38Z">
      <class name="com.bigbasket.framework.lab.JavaScriptExecutor">
        <test-method status="PASS" signature="javaScriptExecutor()[pri:0, instance:com.bigbasket.framework.lab.JavaScriptExecutor@3b05298d]" name="javaScriptExecutor" duration-ms="37595" started-at="2016-07-06T14:26:00Z" finished-at="2016-07-06T14:26:38Z">
          <reporter-output>
          </reporter-output>
        </test-method> <!-- javaScriptExecutor -->
      </class> <!-- com.bigbasket.framework.lab.JavaScriptExecutor -->
    </test> <!-- Default test -->
  </suite> <!-- Default suite -->
</testng-results>
