<?xml version="1.0" encoding="UTF-8"?>
<!-- Generated by org.testng.reporters.JUnitXMLReporter -->
<testsuite hostname="Srinivasans-MacBook-Pro.local" name="BigBasket" tests="38" failures="5" timestamp="30 Jun 2016 14:58:46 GMT" time="554.014" errors="0">
  <testcase name="SearchProductAndFilterByBrandTest" time="0.215" classname="com.bigbasket.products.SearchAndFilterProductsTest">
    <skipped/>
  </testcase> <!-- SearchProductAndFilterByBrandTest -->
  <testcase name="SearchProductAndFilterByBrandTest" time="0.173" classname="com.bigbasket.products.SearchAndFilterProductsTest">
    <skipped/>
  </testcase> <!-- SearchProductAndFilterByBrandTest -->
  <testcase name="forgotPasswordTest" time="30.89" classname="com.bigbasket.customer.ForgotPasswordTest"/>
  <testcase name="forgotPasswordTest" time="7.976" classname="com.bigbasket.customer.ForgotPasswordTest"/>
  <testcase name="forgotPasswordTest" time="8.697" classname="com.bigbasket.customer.ForgotPasswordTest"/>
  <testcase name="changePasswordTest" time="56.935" classname="com.bigbakset.customer.myaccount.ChangePasswordTest"/>
  <testcase name="searchProductAndFilterByDiscountTest" time="77.476" classname="com.bigbasket.products.SearchAndFilterProductsTest"/>
  <testcase name="signInTest" time="36.369" classname="com.bigbasket.customer.SignInTest"/>
  <testcase name="changePasswordTest" time="33.321" classname="com.bigbakset.customer.myaccount.ChangePasswordTest"/>
  <testcase name="signInTest" time="12.892" classname="com.bigbasket.customer.SignInTest">
    <failure type="java.lang.AssertionError" message="FAIL - Incorrect credentials">
      <![CDATA[java.lang.AssertionError: FAIL - Incorrect credentials
	at com.bigbasket.framework.util.UtilFunctions.writeHTMLResult(UtilFunctions.java:49)
	at com.bigbasket.customer.SignInTest.signInTest(SignInTest.java:87)
	at java.util.concurrent.ThreadPoolExecutor.runWorker(ThreadPoolExecutor.java:1145)
	at java.util.concurrent.ThreadPoolExecutor$Worker.run(ThreadPoolExecutor.java:615)
	at java.lang.Thread.run(Thread.java:745)
... Removed 11 stack frames]]>
    </failure>
  </testcase> <!-- signInTest -->
  <testcase name="signInTest" time="8.298" classname="com.bigbasket.customer.SignInTest"/>
  <testcase name="signInTest" time="11.17" classname="com.bigbasket.customer.SignInTest"/>
  <testcase name="searchProductAndFilterByDiscountTest" time="38.6" classname="com.bigbasket.products.SearchAndFilterProductsTest"/>
  <testcase name="changePasswordTest" time="26.942" classname="com.bigbakset.customer.myaccount.ChangePasswordTest"/>
  <testcase name="signInTest" time="8.709" classname="com.bigbasket.customer.SignInTest"/>
  <testcase name="signInTest" time="18.757" classname="com.bigbasket.customer.SignInTest"/>
  <testcase name="searchProductAndFilterByDiscountTest" time="43.104" classname="com.bigbasket.products.SearchAndFilterProductsTest">
    <failure type="java.lang.AssertionError" message="FAIL - COMPLAN
Health Drink - Natural is out of range">
      <![CDATA[java.lang.AssertionError: FAIL - COMPLAN
Health Drink - Natural is out of range
	at com.bigbasket.framework.util.UtilFunctions.writeHTMLResult(UtilFunctions.java:49)
	at com.bigbasket.products.SearchAndFilterProductsTest.searchProductAndFilterByDiscountTest(SearchAndFilterProductsTest.java:159)
	at java.util.concurrent.ThreadPoolExecutor.runWorker(ThreadPoolExecutor.java:1145)
	at java.util.concurrent.ThreadPoolExecutor$Worker.run(ThreadPoolExecutor.java:615)
	at java.lang.Thread.run(Thread.java:745)
... Removed 11 stack frames]]>
    </failure>
  </testcase> <!-- searchProductAndFilterByDiscountTest -->
  <testcase name="signInTest" time="20.994" classname="com.bigbasket.customer.SignInTest"/>
  <testcase name="searchProductAndFilterByDiscountTest" time="19.18" classname="com.bigbasket.products.SearchAndFilterProductsTest">
    <failure type="java.lang.AssertionError" message="FAIL - FANTA
Soft Drink is out of range">
      <![CDATA[java.lang.AssertionError: FAIL - FANTA
Soft Drink is out of range
	at com.bigbasket.framework.util.UtilFunctions.writeHTMLResult(UtilFunctions.java:49)
	at com.bigbasket.products.SearchAndFilterProductsTest.searchProductAndFilterByDiscountTest(SearchAndFilterProductsTest.java:162)
	at java.util.concurrent.ThreadPoolExecutor.runWorker(ThreadPoolExecutor.java:1145)
	at java.util.concurrent.ThreadPoolExecutor$Worker.run(ThreadPoolExecutor.java:615)
	at java.lang.Thread.run(Thread.java:745)
... Removed 11 stack frames]]>
    </failure>
  </testcase> <!-- searchProductAndFilterByDiscountTest -->
  <testcase name="changePasswordTest" time="66.694" classname="com.bigbakset.customer.myaccount.ChangePasswordTest"/>
  <testcase name="signUpTest" time="26.407" classname="com.bigbasket.customer.SignUpTest"/>
  <testcase name="signUpTest" time="10.388" classname="com.bigbasket.customer.SignUpTest"/>
  <testcase name="signUpTest" time="12.994" classname="com.bigbasket.customer.SignUpTest"/>
  <testcase name="signUpTest" time="20.105" classname="com.bigbasket.customer.SignUpTest"/>
  <testcase name="searchProductAndFilterByDiscountTest" time="64.983" classname="com.bigbasket.products.SearchAndFilterProductsTest"/>
  <testcase name="signUpTest" time="16.578" classname="com.bigbasket.customer.SignUpTest"/>
  <testcase name="addEmailAddressTest" time="210.678" classname="com.bigbakset.customer.myaccount.EmailAddressesTest"/>
  <testcase name="addEmailAddressTest" time="30.344" classname="com.bigbakset.customer.myaccount.EmailAddressesTest"/>
  <testcase name="addEmailAddressTest" time="22.043" classname="com.bigbakset.customer.myaccount.EmailAddressesTest"/>
  <testcase name="addEmailAddressTest" time="25.684" classname="com.bigbakset.customer.myaccount.EmailAddressesTest">
    <failure type="java.lang.AssertionError" message="FAIL">
      <![CDATA[java.lang.AssertionError: FAIL
	at com.bigbasket.framework.util.UtilFunctions.writeHTMLResult(UtilFunctions.java:49)
	at com.bigbakset.customer.myaccount.EmailAddressesTest.addEmailAddressTest(EmailAddressesTest.java:111)
	at java.util.concurrent.ThreadPoolExecutor.runWorker(ThreadPoolExecutor.java:1145)
	at java.util.concurrent.ThreadPoolExecutor$Worker.run(ThreadPoolExecutor.java:615)
	at java.lang.Thread.run(Thread.java:745)
... Removed 11 stack frames]]>
    </failure>
  </testcase> <!-- addEmailAddressTest -->
  <testcase name="searchProductAndFilterByPriceTest" time="243.73" classname="com.bigbasket.products.SearchAndFilterProductsTest"/>
  <testcase name="searchProductAndFilterByPriceTest" time="12.288" classname="com.bigbasket.products.SearchAndFilterProductsTest"/>
  <testcase name="searchProductAndFilterByPriceTest" time="13.37" classname="com.bigbasket.products.SearchAndFilterProductsTest"/>
  <testcase name="removeEmailAddressTest" time="47.096" classname="com.bigbakset.customer.myaccount.EmailAddressesTest"/>
  <testcase name="searchProductAndFilterByPriceTest" time="13.636" classname="com.bigbasket.products.SearchAndFilterProductsTest"/>
  <testcase name="searchProductAndFilterByPriceTest" time="12.763" classname="com.bigbasket.products.SearchAndFilterProductsTest">
    <failure type="java.lang.AssertionError" message="FAIL - 85.0 is out of range">
      <![CDATA[java.lang.AssertionError: FAIL - 85.0 is out of range
	at com.bigbasket.framework.util.UtilFunctions.writeHTMLResult(UtilFunctions.java:49)
	at com.bigbasket.products.SearchAndFilterProductsTest.searchProductAndFilterByPriceTest(SearchAndFilterProductsTest.java:92)
	at java.util.concurrent.ThreadPoolExecutor.runWorker(ThreadPoolExecutor.java:1145)
	at java.util.concurrent.ThreadPoolExecutor$Worker.run(ThreadPoolExecutor.java:615)
	at java.lang.Thread.run(Thread.java:745)
... Removed 11 stack frames]]>
    </failure>
  </testcase> <!-- searchProductAndFilterByPriceTest -->
  <testcase name="removeEmailAddressTest" time="32.505" classname="com.bigbakset.customer.myaccount.EmailAddressesTest"/>
  <testcase name="searchProductAndFilterByPriceTest" time="12.543" classname="com.bigbasket.products.SearchAndFilterProductsTest"/>
</testsuite> <!-- BigBasket -->
