<?xml version="1.0" encoding="UTF-8"?>
<!-- Generated by org.testng.reporters.JUnitXMLReporter -->
<testsuite hostname="Srinivasans-MacBook-Pro.local" name="Customer" tests="16" failures="10" timestamp="10 May 2016 11:13:54 GMT" time="119.665" errors="0">
  <testcase name="signInTest" time="1.401" classname="com.bigbasket.customer.SignInTest">
    <failure type="java.lang.NullPointerException">
      <![CDATA[java.lang.NullPointerException
	at com.bigbasket.framework.util.UtilFunctions.connectURL(UtilFunctions.java:112)
	at com.bigbasket.customer.SignInTest.signInTest(SignInTest.java:71)
	at java.util.concurrent.ThreadPoolExecutor.runWorker(ThreadPoolExecutor.java:1145)
	at java.util.concurrent.ThreadPoolExecutor$Worker.run(ThreadPoolExecutor.java:615)
	at java.lang.Thread.run(Thread.java:745)
... Removed 10 stack frames]]>
    </failure>
  </testcase> <!-- signInTest -->
  <testcase name="signInTest" time="0.398" classname="com.bigbasket.customer.SignInTest">
    <failure type="java.lang.NullPointerException">
      <![CDATA[java.lang.NullPointerException
	at com.bigbasket.framework.util.UtilFunctions.connectURL(UtilFunctions.java:112)
	at com.bigbasket.customer.SignInTest.signInTest(SignInTest.java:71)
	at java.util.concurrent.ThreadPoolExecutor.runWorker(ThreadPoolExecutor.java:1145)
	at java.util.concurrent.ThreadPoolExecutor$Worker.run(ThreadPoolExecutor.java:615)
	at java.lang.Thread.run(Thread.java:745)
... Removed 10 stack frames]]>
    </failure>
  </testcase> <!-- signInTest -->
  <testcase name="signInTest" time="0.224" classname="com.bigbasket.customer.SignInTest">
    <failure type="java.lang.NullPointerException">
      <![CDATA[java.lang.NullPointerException
	at com.bigbasket.framework.util.UtilFunctions.connectURL(UtilFunctions.java:112)
	at com.bigbasket.customer.SignInTest.signInTest(SignInTest.java:71)
	at java.util.concurrent.ThreadPoolExecutor.runWorker(ThreadPoolExecutor.java:1145)
	at java.util.concurrent.ThreadPoolExecutor$Worker.run(ThreadPoolExecutor.java:615)
	at java.lang.Thread.run(Thread.java:745)
... Removed 10 stack frames]]>
    </failure>
  </testcase> <!-- signInTest -->
  <testcase name="signInTest" time="0.238" classname="com.bigbasket.customer.SignInTest">
    <failure type="java.lang.NullPointerException">
      <![CDATA[java.lang.NullPointerException
	at com.bigbasket.framework.util.UtilFunctions.connectURL(UtilFunctions.java:112)
	at com.bigbasket.customer.SignInTest.signInTest(SignInTest.java:71)
	at java.util.concurrent.ThreadPoolExecutor.runWorker(ThreadPoolExecutor.java:1145)
	at java.util.concurrent.ThreadPoolExecutor$Worker.run(ThreadPoolExecutor.java:615)
	at java.lang.Thread.run(Thread.java:745)
... Removed 10 stack frames]]>
    </failure>
  </testcase> <!-- signInTest -->
  <testcase name="signInTest" time="0.388" classname="com.bigbasket.customer.SignInTest">
    <failure type="java.lang.NullPointerException">
      <![CDATA[java.lang.NullPointerException
	at com.bigbasket.framework.util.UtilFunctions.connectURL(UtilFunctions.java:112)
	at com.bigbasket.customer.SignInTest.signInTest(SignInTest.java:71)
	at java.util.concurrent.ThreadPoolExecutor.runWorker(ThreadPoolExecutor.java:1145)
	at java.util.concurrent.ThreadPoolExecutor$Worker.run(ThreadPoolExecutor.java:615)
	at java.lang.Thread.run(Thread.java:745)
... Removed 10 stack frames]]>
    </failure>
  </testcase> <!-- signInTest -->
  <testcase name="changePasswordTest" time="16.559" classname="com.bigbasket.customer.PersonalDetailsTest">
    <failure type="java.lang.NullPointerException">
      <![CDATA[java.lang.NullPointerException
	at com.bigbasket.customer.PersonalDetailsTest.changePasswordTest(PersonalDetailsTest.java:104)
	at java.util.concurrent.ThreadPoolExecutor.runWorker(ThreadPoolExecutor.java:1145)
	at java.util.concurrent.ThreadPoolExecutor$Worker.run(ThreadPoolExecutor.java:615)
	at java.lang.Thread.run(Thread.java:745)
... Removed 10 stack frames]]>
    </failure>
  </testcase> <!-- changePasswordTest -->
  <testcase name="changePasswordTest" time="0.347" classname="com.bigbasket.customer.PersonalDetailsTest">
    <failure type="java.lang.NullPointerException">
      <![CDATA[java.lang.NullPointerException
	at com.bigbasket.customer.PersonalDetailsTest.changePasswordTest(PersonalDetailsTest.java:104)
	at java.util.concurrent.ThreadPoolExecutor.runWorker(ThreadPoolExecutor.java:1145)
	at java.util.concurrent.ThreadPoolExecutor$Worker.run(ThreadPoolExecutor.java:615)
	at java.lang.Thread.run(Thread.java:745)
... Removed 10 stack frames]]>
    </failure>
  </testcase> <!-- changePasswordTest -->
  <testcase name="changePasswordTest" time="0.705" classname="com.bigbasket.customer.PersonalDetailsTest">
    <failure type="java.lang.NullPointerException">
      <![CDATA[java.lang.NullPointerException
	at com.bigbasket.customer.PersonalDetailsTest.changePasswordTest(PersonalDetailsTest.java:104)
	at java.util.concurrent.ThreadPoolExecutor.runWorker(ThreadPoolExecutor.java:1145)
	at java.util.concurrent.ThreadPoolExecutor$Worker.run(ThreadPoolExecutor.java:615)
	at java.lang.Thread.run(Thread.java:745)
... Removed 10 stack frames]]>
    </failure>
  </testcase> <!-- changePasswordTest -->
  <testcase name="changePasswordTest" time="0.232" classname="com.bigbasket.customer.PersonalDetailsTest">
    <failure type="java.lang.NullPointerException">
      <![CDATA[java.lang.NullPointerException
	at com.bigbasket.customer.PersonalDetailsTest.changePasswordTest(PersonalDetailsTest.java:104)
	at java.util.concurrent.ThreadPoolExecutor.runWorker(ThreadPoolExecutor.java:1145)
	at java.util.concurrent.ThreadPoolExecutor$Worker.run(ThreadPoolExecutor.java:615)
	at java.lang.Thread.run(Thread.java:745)
... Removed 10 stack frames]]>
    </failure>
  </testcase> <!-- changePasswordTest -->
  <testcase name="editProfileTest" time="0.106" classname="com.bigbasket.customer.PersonalDetailsTest">
    <skipped/>
  </testcase> <!-- editProfileTest -->
  <testcase name="editProfileTest" time="0.137" classname="com.bigbasket.customer.PersonalDetailsTest">
    <skipped/>
  </testcase> <!-- editProfileTest -->
  <testcase name="editProfileTest" time="0.117" classname="com.bigbasket.customer.PersonalDetailsTest">
    <skipped/>
  </testcase> <!-- editProfileTest -->
  <testcase name="editProfileTest" time="0.105" classname="com.bigbasket.customer.PersonalDetailsTest">
    <skipped/>
  </testcase> <!-- editProfileTest -->
  <testcase name="signInTest" time="63.441" classname="com.bigbasket.customer.SignInTest"/>
  <testcase name="signInTest" time="49.612" classname="com.bigbasket.customer.SignInTest"/>
  <testcase name="signInTest" time="2.56" classname="com.bigbasket.customer.SignInTest">
    <failure type="java.lang.NullPointerException">
      <![CDATA[java.lang.NullPointerException
	at com.bigbasket.customer.SignInTest.signInTest(SignInTest.java:110)
	at java.util.concurrent.ThreadPoolExecutor.runWorker(ThreadPoolExecutor.java:1145)
	at java.util.concurrent.ThreadPoolExecutor$Worker.run(ThreadPoolExecutor.java:615)
	at java.lang.Thread.run(Thread.java:745)
... Removed 10 stack frames]]>
    </failure>
  </testcase> <!-- signInTest -->
</testsuite> <!-- Customer -->
